[2025-03-01T09:49:09.450+0000] {local_task_job_runner.py:123} INFO - ::group::Pre task execution logs
[2025-03-01T09:49:09.475+0000] {taskinstance.py:2614} INFO - Dependencies all met for dep_context=non-requeueable deps ti=<TaskInstance: etl_scrapper_pipeline.scrapping_data manual__2025-03-01T09:49:05.941739+00:00 [queued]>
[2025-03-01T09:49:09.486+0000] {taskinstance.py:2614} INFO - Dependencies all met for dep_context=requeueable deps ti=<TaskInstance: etl_scrapper_pipeline.scrapping_data manual__2025-03-01T09:49:05.941739+00:00 [queued]>
[2025-03-01T09:49:09.487+0000] {taskinstance.py:2867} INFO - Starting attempt 1 of 2
[2025-03-01T09:49:09.503+0000] {taskinstance.py:2890} INFO - Executing <Task(PythonOperator): scrapping_data> on 2025-03-01 09:49:05.941739+00:00
[2025-03-01T09:49:09.513+0000] {warnings.py:112} WARNING - /home/***/.local/lib/python3.12/site-packages/***/task/task_runner/standard_task_runner.py:70: DeprecationWarning: This process (pid=754) is multi-threaded, use of fork() may lead to deadlocks in the child.
  pid = os.fork()

[2025-03-01T09:49:09.515+0000] {standard_task_runner.py:72} INFO - Started process 757 to run task
[2025-03-01T09:49:09.516+0000] {standard_task_runner.py:104} INFO - Running: ['***', 'tasks', 'run', 'etl_scrapper_pipeline', 'scrapping_data', 'manual__2025-03-01T09:49:05.941739+00:00', '--job-id', '216', '--raw', '--subdir', 'DAGS_FOLDER/etl_dags.py', '--cfg-path', '/tmp/tmpe9qxmy1q']
[2025-03-01T09:49:09.518+0000] {standard_task_runner.py:105} INFO - Job 216: Subtask scrapping_data
[2025-03-01T09:49:09.573+0000] {task_command.py:467} INFO - Running <TaskInstance: etl_scrapper_pipeline.scrapping_data manual__2025-03-01T09:49:05.941739+00:00 [running]> on host 18f96a44278a
[2025-03-01T09:49:09.670+0000] {taskinstance.py:3134} INFO - Exporting env vars: AIRFLOW_CTX_DAG_OWNER='***' AIRFLOW_CTX_DAG_ID='etl_scrapper_pipeline' AIRFLOW_CTX_TASK_ID='scrapping_data' AIRFLOW_CTX_EXECUTION_DATE='2025-03-01T09:49:05.941739+00:00' AIRFLOW_CTX_TRY_NUMBER='1' AIRFLOW_CTX_DAG_RUN_ID='manual__2025-03-01T09:49:05.941739+00:00'
[2025-03-01T09:49:09.672+0000] {logging_mixin.py:190} INFO - Task instance is in running state
[2025-03-01T09:49:09.673+0000] {logging_mixin.py:190} INFO -  Previous state of the Task instance: queued
[2025-03-01T09:49:09.673+0000] {logging_mixin.py:190} INFO - Current task name:scrapping_data state:running start_date:2025-03-01 09:49:09.476859+00:00
[2025-03-01T09:49:09.674+0000] {logging_mixin.py:190} INFO - Dag name:etl_scrapper_pipeline and current dag run status:running
[2025-03-01T09:49:09.674+0000] {taskinstance.py:732} INFO - ::endgroup::
[2025-03-01T09:49:10.014+0000] {etl_dags.py:47} INFO - Scraping page 1: https://www.amazon.com/s?k=macbook&page=1&crid=3CHS3289UBR9B&qid=1740647689&sprefix=macb%2Caps%2C322&xpid=h062vM3nTWtUZ&ref=sr_pg_1
[2025-03-01T09:49:24.369+0000] {etl_dags.py:47} INFO - Scraping page 2: https://www.amazon.com/s?k=macbook&page=2&crid=3CHS3289UBR9B&qid=1740647689&sprefix=macb%2Caps%2C322&xpid=h062vM3nTWtUZ&ref=sr_pg_2
[2025-03-01T09:49:33.965+0000] {etl_dags.py:47} INFO - Scraping page 3: https://www.amazon.com/s?k=macbook&page=3&crid=3CHS3289UBR9B&qid=1740647689&sprefix=macb%2Caps%2C322&xpid=h062vM3nTWtUZ&ref=sr_pg_3
[2025-03-01T09:49:43.502+0000] {etl_dags.py:47} INFO - Scraping page 4: https://www.amazon.com/s?k=macbook&page=4&crid=3CHS3289UBR9B&qid=1740647689&sprefix=macb%2Caps%2C322&xpid=h062vM3nTWtUZ&ref=sr_pg_4
[2025-03-01T09:49:53.023+0000] {etl_dags.py:47} INFO - Scraping page 5: https://www.amazon.com/s?k=macbook&page=5&crid=3CHS3289UBR9B&qid=1740647689&sprefix=macb%2Caps%2C322&xpid=h062vM3nTWtUZ&ref=sr_pg_5
[2025-03-01T09:50:02.661+0000] {etl_dags.py:106} INFO - Data berhasil disimpan: raw_data.csv
[2025-03-01T09:50:02.662+0000] {python.py:240} INFO - Done. Returned value was: None
[2025-03-01T09:50:02.677+0000] {taskinstance.py:341} INFO - ::group::Post task execution logs
[2025-03-01T09:50:02.678+0000] {taskinstance.py:353} INFO - Marking task as SUCCESS. dag_id=etl_scrapper_pipeline, task_id=scrapping_data, run_id=manual__2025-03-01T09:49:05.941739+00:00, execution_date=20250301T094905, start_date=20250301T094909, end_date=20250301T095002
[2025-03-01T09:50:02.708+0000] {logging_mixin.py:190} INFO - Task instance in success state
[2025-03-01T09:50:02.709+0000] {logging_mixin.py:190} INFO -  Previous state of the Task instance: running
[2025-03-01T09:50:02.710+0000] {logging_mixin.py:190} INFO - Dag name:etl_scrapper_pipeline queued_at:2025-03-01 09:49:05.958606+00:00
[2025-03-01T09:50:02.710+0000] {logging_mixin.py:190} INFO - Task hostname:18f96a44278a operator:PythonOperator
[2025-03-01T09:50:02.729+0000] {local_task_job_runner.py:266} INFO - Task exited with return code 0
[2025-03-01T09:50:02.774+0000] {taskinstance.py:3901} INFO - 1 downstream tasks scheduled from follow-on schedule check
[2025-03-01T09:50:02.776+0000] {local_task_job_runner.py:245} INFO - ::endgroup::
