[2025-03-01T09:31:19.787+0000] {local_task_job_runner.py:123} INFO - ::group::Pre task execution logs
[2025-03-01T09:31:19.817+0000] {taskinstance.py:2614} INFO - Dependencies all met for dep_context=non-requeueable deps ti=<TaskInstance: etl_scrapper_pipeline.scrapping_data manual__2025-03-01T09:31:16.279784+00:00 [queued]>
[2025-03-01T09:31:19.828+0000] {taskinstance.py:2614} INFO - Dependencies all met for dep_context=requeueable deps ti=<TaskInstance: etl_scrapper_pipeline.scrapping_data manual__2025-03-01T09:31:16.279784+00:00 [queued]>
[2025-03-01T09:31:19.829+0000] {taskinstance.py:2867} INFO - Starting attempt 1 of 2
[2025-03-01T09:31:19.845+0000] {taskinstance.py:2890} INFO - Executing <Task(PythonOperator): scrapping_data> on 2025-03-01 09:31:16.279784+00:00
[2025-03-01T09:31:19.857+0000] {warnings.py:112} WARNING - /home/***/.local/lib/python3.12/site-packages/***/task/task_runner/standard_task_runner.py:70: DeprecationWarning: This process (pid=443) is multi-threaded, use of fork() may lead to deadlocks in the child.
  pid = os.fork()

[2025-03-01T09:31:19.859+0000] {standard_task_runner.py:72} INFO - Started process 452 to run task
[2025-03-01T09:31:19.862+0000] {standard_task_runner.py:104} INFO - Running: ['***', 'tasks', 'run', 'etl_scrapper_pipeline', 'scrapping_data', 'manual__2025-03-01T09:31:16.279784+00:00', '--job-id', '200', '--raw', '--subdir', 'DAGS_FOLDER/etl_dags.py', '--cfg-path', '/tmp/tmpvo49pdxb']
[2025-03-01T09:31:19.864+0000] {standard_task_runner.py:105} INFO - Job 200: Subtask scrapping_data
[2025-03-01T09:31:20.004+0000] {task_command.py:467} INFO - Running <TaskInstance: etl_scrapper_pipeline.scrapping_data manual__2025-03-01T09:31:16.279784+00:00 [running]> on host 18f96a44278a
[2025-03-01T09:31:20.141+0000] {taskinstance.py:3134} INFO - Exporting env vars: AIRFLOW_CTX_DAG_OWNER='***' AIRFLOW_CTX_DAG_ID='etl_scrapper_pipeline' AIRFLOW_CTX_TASK_ID='scrapping_data' AIRFLOW_CTX_EXECUTION_DATE='2025-03-01T09:31:16.279784+00:00' AIRFLOW_CTX_TRY_NUMBER='1' AIRFLOW_CTX_DAG_RUN_ID='manual__2025-03-01T09:31:16.279784+00:00'
[2025-03-01T09:31:20.143+0000] {logging_mixin.py:190} INFO - Task instance is in running state
[2025-03-01T09:31:20.144+0000] {logging_mixin.py:190} INFO -  Previous state of the Task instance: queued
[2025-03-01T09:31:20.145+0000] {logging_mixin.py:190} INFO - Current task name:scrapping_data state:running start_date:2025-03-01 09:31:19.817970+00:00
[2025-03-01T09:31:20.145+0000] {logging_mixin.py:190} INFO - Dag name:etl_scrapper_pipeline and current dag run status:running
[2025-03-01T09:31:20.146+0000] {taskinstance.py:732} INFO - ::endgroup::
[2025-03-01T09:31:20.659+0000] {etl_dags.py:47} INFO - Scraping page 1: https://www.amazon.com/s?k=macbook&page=1&crid=3CHS3289UBR9B&qid=1740647689&sprefix=macb%2Caps%2C322&xpid=h062vM3nTWtUZ&ref=sr_pg_1
[2025-03-01T09:31:45.330+0000] {etl_dags.py:47} INFO - Scraping page 2: https://www.amazon.com/s?k=macbook&page=2&crid=3CHS3289UBR9B&qid=1740647689&sprefix=macb%2Caps%2C322&xpid=h062vM3nTWtUZ&ref=sr_pg_2
[2025-03-01T09:31:55.233+0000] {etl_dags.py:47} INFO - Scraping page 3: https://www.amazon.com/s?k=macbook&page=3&crid=3CHS3289UBR9B&qid=1740647689&sprefix=macb%2Caps%2C322&xpid=h062vM3nTWtUZ&ref=sr_pg_3
[2025-03-01T09:32:04.880+0000] {etl_dags.py:47} INFO - Scraping page 4: https://www.amazon.com/s?k=macbook&page=4&crid=3CHS3289UBR9B&qid=1740647689&sprefix=macb%2Caps%2C322&xpid=h062vM3nTWtUZ&ref=sr_pg_4
[2025-03-01T09:32:14.480+0000] {etl_dags.py:47} INFO - Scraping page 5: https://www.amazon.com/s?k=macbook&page=5&crid=3CHS3289UBR9B&qid=1740647689&sprefix=macb%2Caps%2C322&xpid=h062vM3nTWtUZ&ref=sr_pg_5
[2025-03-01T09:32:24.224+0000] {etl_dags.py:106} INFO - Data berhasil disimpan: raw_data.csv
[2025-03-01T09:32:24.226+0000] {python.py:240} INFO - Done. Returned value was: None
[2025-03-01T09:32:24.248+0000] {taskinstance.py:341} INFO - ::group::Post task execution logs
[2025-03-01T09:32:24.249+0000] {taskinstance.py:353} INFO - Marking task as SUCCESS. dag_id=etl_scrapper_pipeline, task_id=scrapping_data, run_id=manual__2025-03-01T09:31:16.279784+00:00, execution_date=20250301T093116, start_date=20250301T093119, end_date=20250301T093224
[2025-03-01T09:32:24.290+0000] {logging_mixin.py:190} INFO - Task instance in success state
[2025-03-01T09:32:24.291+0000] {logging_mixin.py:190} INFO -  Previous state of the Task instance: running
[2025-03-01T09:32:24.291+0000] {logging_mixin.py:190} INFO - Dag name:etl_scrapper_pipeline queued_at:2025-03-01 09:31:16.299659+00:00
[2025-03-01T09:32:24.292+0000] {logging_mixin.py:190} INFO - Task hostname:18f96a44278a operator:PythonOperator
[2025-03-01T09:32:24.349+0000] {local_task_job_runner.py:266} INFO - Task exited with return code 0
[2025-03-01T09:32:24.390+0000] {taskinstance.py:3901} INFO - 1 downstream tasks scheduled from follow-on schedule check
[2025-03-01T09:32:24.392+0000] {local_task_job_runner.py:245} INFO - ::endgroup::
