[2025-03-01T09:50:12.508+0000] {local_task_job_runner.py:123} INFO - ::group::Pre task execution logs
[2025-03-01T09:50:12.545+0000] {taskinstance.py:2614} INFO - Dependencies all met for dep_context=non-requeueable deps ti=<TaskInstance: etl_scrapper_pipeline.wait_for_cleaned_file manual__2025-03-01T09:49:05.941739+00:00 [queued]>
[2025-03-01T09:50:12.562+0000] {taskinstance.py:2614} INFO - Dependencies all met for dep_context=requeueable deps ti=<TaskInstance: etl_scrapper_pipeline.wait_for_cleaned_file manual__2025-03-01T09:49:05.941739+00:00 [queued]>
[2025-03-01T09:50:12.564+0000] {taskinstance.py:2867} INFO - Starting attempt 1 of 2
[2025-03-01T09:50:12.581+0000] {taskinstance.py:2890} INFO - Executing <Task(FileSensor): wait_for_cleaned_file> on 2025-03-01 09:49:05.941739+00:00
[2025-03-01T09:50:12.591+0000] {warnings.py:112} WARNING - /home/***/.local/lib/python3.12/site-packages/***/task/task_runner/standard_task_runner.py:70: DeprecationWarning: This process (pid=783) is multi-threaded, use of fork() may lead to deadlocks in the child.
  pid = os.fork()

[2025-03-01T09:50:12.593+0000] {standard_task_runner.py:72} INFO - Started process 786 to run task
[2025-03-01T09:50:12.594+0000] {standard_task_runner.py:104} INFO - Running: ['***', 'tasks', 'run', 'etl_scrapper_pipeline', 'wait_for_cleaned_file', 'manual__2025-03-01T09:49:05.941739+00:00', '--job-id', '219', '--raw', '--subdir', 'DAGS_FOLDER/etl_dags.py', '--cfg-path', '/tmp/tmpn1jvt3_r']
[2025-03-01T09:50:12.595+0000] {standard_task_runner.py:105} INFO - Job 219: Subtask wait_for_cleaned_file
[2025-03-01T09:50:12.651+0000] {task_command.py:467} INFO - Running <TaskInstance: etl_scrapper_pipeline.wait_for_cleaned_file manual__2025-03-01T09:49:05.941739+00:00 [running]> on host 18f96a44278a
[2025-03-01T09:50:12.751+0000] {taskinstance.py:3134} INFO - Exporting env vars: AIRFLOW_CTX_DAG_OWNER='***' AIRFLOW_CTX_DAG_ID='etl_scrapper_pipeline' AIRFLOW_CTX_TASK_ID='wait_for_cleaned_file' AIRFLOW_CTX_EXECUTION_DATE='2025-03-01T09:49:05.941739+00:00' AIRFLOW_CTX_TRY_NUMBER='1' AIRFLOW_CTX_DAG_RUN_ID='manual__2025-03-01T09:49:05.941739+00:00'
[2025-03-01T09:50:12.753+0000] {logging_mixin.py:190} INFO - Task instance is in running state
[2025-03-01T09:50:12.754+0000] {logging_mixin.py:190} INFO -  Previous state of the Task instance: queued
[2025-03-01T09:50:12.755+0000] {logging_mixin.py:190} INFO - Current task name:wait_for_cleaned_file state:running start_date:2025-03-01 09:50:12.546191+00:00
[2025-03-01T09:50:12.755+0000] {logging_mixin.py:190} INFO - Dag name:etl_scrapper_pipeline and current dag run status:running
[2025-03-01T09:50:12.755+0000] {taskinstance.py:732} INFO - ::endgroup::
[2025-03-01T09:50:12.756+0000] {baseoperator.py:423} WARNING - FileSensor.execute cannot be called outside TaskInstance!
[2025-03-01T09:50:12.768+0000] {base.py:84} INFO - Retrieving connection 'fs_default'
[2025-03-01T09:50:12.769+0000] {filesystem.py:109} INFO - Poking for file /opt/***/dags/cleaned_data.csv
[2025-03-01T09:50:12.772+0000] {filesystem.py:113} INFO - Found File /opt/***/dags/cleaned_data.csv last modified: 20250301095009
[2025-03-01T09:50:12.773+0000] {base.py:339} INFO - Success criteria met. Exiting.
[2025-03-01T09:50:12.773+0000] {filesystem.py:109} INFO - Poking for file /opt/***/dags/cleaned_data.csv
[2025-03-01T09:50:12.776+0000] {filesystem.py:113} INFO - Found File /opt/***/dags/cleaned_data.csv last modified: 20250301095009
[2025-03-01T09:50:12.788+0000] {taskinstance.py:341} INFO - ::group::Post task execution logs
[2025-03-01T09:50:12.788+0000] {taskinstance.py:353} INFO - Marking task as SUCCESS. dag_id=etl_scrapper_pipeline, task_id=wait_for_cleaned_file, run_id=manual__2025-03-01T09:49:05.941739+00:00, execution_date=20250301T094905, start_date=20250301T095012, end_date=20250301T095012
[2025-03-01T09:50:12.818+0000] {logging_mixin.py:190} INFO - Task instance in success state
[2025-03-01T09:50:12.819+0000] {logging_mixin.py:190} INFO -  Previous state of the Task instance: running
[2025-03-01T09:50:12.820+0000] {logging_mixin.py:190} INFO - Dag name:etl_scrapper_pipeline queued_at:2025-03-01 09:49:05.958606+00:00
[2025-03-01T09:50:12.821+0000] {logging_mixin.py:190} INFO - Task hostname:18f96a44278a operator:FileSensor
[2025-03-01T09:50:12.849+0000] {local_task_job_runner.py:266} INFO - Task exited with return code 0
[2025-03-01T09:50:12.861+0000] {local_task_job_runner.py:245} INFO - ::endgroup::
