[2025-02-28T15:33:23.096+0000] {local_task_job_runner.py:123} INFO - ::group::Pre task execution logs
[2025-02-28T15:33:23.121+0000] {taskinstance.py:2614} INFO - Dependencies all met for dep_context=non-requeueable deps ti=<TaskInstance: etl_scrapper_pipeline.scrapping_data manual__2025-02-28T15:33:16.089080+00:00 [queued]>
[2025-02-28T15:33:23.133+0000] {taskinstance.py:2614} INFO - Dependencies all met for dep_context=requeueable deps ti=<TaskInstance: etl_scrapper_pipeline.scrapping_data manual__2025-02-28T15:33:16.089080+00:00 [queued]>
[2025-02-28T15:33:23.134+0000] {taskinstance.py:2867} INFO - Starting attempt 1 of 2
[2025-02-28T15:33:23.153+0000] {taskinstance.py:2890} INFO - Executing <Task(PythonOperator): scrapping_data> on 2025-02-28 15:33:16.089080+00:00
[2025-02-28T15:33:23.165+0000] {warnings.py:112} WARNING - /home/***/.local/lib/python3.12/site-packages/***/task/task_runner/standard_task_runner.py:70: DeprecationWarning: This process (pid=155) is multi-threaded, use of fork() may lead to deadlocks in the child.
  pid = os.fork()

[2025-02-28T15:33:23.167+0000] {standard_task_runner.py:104} INFO - Running: ['***', 'tasks', 'run', 'etl_scrapper_pipeline', 'scrapping_data', 'manual__2025-02-28T15:33:16.089080+00:00', '--job-id', '15', '--raw', '--subdir', 'DAGS_FOLDER/etl_dags.py', '--cfg-path', '/tmp/tmpuqk0395n']
[2025-02-28T15:33:23.168+0000] {standard_task_runner.py:72} INFO - Started process 157 to run task
[2025-02-28T15:33:23.168+0000] {standard_task_runner.py:105} INFO - Job 15: Subtask scrapping_data
[2025-02-28T15:33:23.238+0000] {task_command.py:467} INFO - Running <TaskInstance: etl_scrapper_pipeline.scrapping_data manual__2025-02-28T15:33:16.089080+00:00 [running]> on host 081ded626b25
[2025-02-28T15:33:23.361+0000] {taskinstance.py:3134} INFO - Exporting env vars: AIRFLOW_CTX_DAG_OWNER='***' AIRFLOW_CTX_DAG_ID='etl_scrapper_pipeline' AIRFLOW_CTX_TASK_ID='scrapping_data' AIRFLOW_CTX_EXECUTION_DATE='2025-02-28T15:33:16.089080+00:00' AIRFLOW_CTX_TRY_NUMBER='1' AIRFLOW_CTX_DAG_RUN_ID='manual__2025-02-28T15:33:16.089080+00:00'
[2025-02-28T15:33:23.364+0000] {logging_mixin.py:190} INFO - Task instance is in running state
[2025-02-28T15:33:23.364+0000] {logging_mixin.py:190} INFO -  Previous state of the Task instance: queued
[2025-02-28T15:33:23.365+0000] {logging_mixin.py:190} INFO - Current task name:scrapping_data state:running start_date:2025-02-28 15:33:23.122020+00:00
[2025-02-28T15:33:23.366+0000] {logging_mixin.py:190} INFO - Dag name:etl_scrapper_pipeline and current dag run status:running
[2025-02-28T15:33:23.366+0000] {taskinstance.py:732} INFO - ::endgroup::
[2025-02-28T15:33:23.367+0000] {etl_dags.py:37} INFO - Scraping page 1: https://www.amazon.com/s?k=macbook&page=1&crid=3CHS3289UBR9B&qid=1740647689&sprefix=macb%2Caps%2C322&xpid=h062vM3nTWtUZ&ref=sr_pg_1
[2025-02-28T15:33:23.834+0000] {etl_dags.py:42} ERROR - Failed to retrieve page 1. Status code: 503
[2025-02-28T15:33:23.835+0000] {etl_dags.py:37} INFO - Scraping page 2: https://www.amazon.com/s?k=macbook&page=2&crid=3CHS3289UBR9B&qid=1740647689&sprefix=macb%2Caps%2C322&xpid=h062vM3nTWtUZ&ref=sr_pg_2
[2025-02-28T15:33:24.544+0000] {etl_dags.py:42} ERROR - Failed to retrieve page 2. Status code: 503
[2025-02-28T15:33:24.545+0000] {etl_dags.py:37} INFO - Scraping page 3: https://www.amazon.com/s?k=macbook&page=3&crid=3CHS3289UBR9B&qid=1740647689&sprefix=macb%2Caps%2C322&xpid=h062vM3nTWtUZ&ref=sr_pg_3
[2025-02-28T15:33:24.944+0000] {etl_dags.py:42} ERROR - Failed to retrieve page 3. Status code: 503
[2025-02-28T15:33:24.945+0000] {etl_dags.py:37} INFO - Scraping page 4: https://www.amazon.com/s?k=macbook&page=4&crid=3CHS3289UBR9B&qid=1740647689&sprefix=macb%2Caps%2C322&xpid=h062vM3nTWtUZ&ref=sr_pg_4
[2025-02-28T15:33:25.346+0000] {etl_dags.py:42} ERROR - Failed to retrieve page 4. Status code: 503
[2025-02-28T15:33:25.347+0000] {etl_dags.py:37} INFO - Scraping page 5: https://www.amazon.com/s?k=macbook&page=5&crid=3CHS3289UBR9B&qid=1740647689&sprefix=macb%2Caps%2C322&xpid=h062vM3nTWtUZ&ref=sr_pg_5
[2025-02-28T15:33:25.762+0000] {etl_dags.py:42} ERROR - Failed to retrieve page 5. Status code: 503
[2025-02-28T15:33:25.763+0000] {etl_dags.py:83} ERROR - No products were scraped. Check the selectors or the page structure.
[2025-02-28T15:33:25.764+0000] {python.py:240} INFO - Done. Returned value was: None
[2025-02-28T15:33:25.777+0000] {taskinstance.py:341} INFO - ::group::Post task execution logs
[2025-02-28T15:33:25.778+0000] {taskinstance.py:353} INFO - Marking task as SUCCESS. dag_id=etl_scrapper_pipeline, task_id=scrapping_data, run_id=manual__2025-02-28T15:33:16.089080+00:00, execution_date=20250228T153316, start_date=20250228T153323, end_date=20250228T153325
[2025-02-28T15:33:25.807+0000] {logging_mixin.py:190} INFO - Task instance in success state
[2025-02-28T15:33:25.808+0000] {logging_mixin.py:190} INFO -  Previous state of the Task instance: running
[2025-02-28T15:33:25.808+0000] {logging_mixin.py:190} INFO - Dag name:etl_scrapper_pipeline queued_at:2025-02-28 15:33:16.122751+00:00
[2025-02-28T15:33:25.809+0000] {logging_mixin.py:190} INFO - Task hostname:081ded626b25 operator:PythonOperator
[2025-02-28T15:33:25.833+0000] {local_task_job_runner.py:266} INFO - Task exited with return code 0
[2025-02-28T15:33:25.877+0000] {taskinstance.py:3901} INFO - 1 downstream tasks scheduled from follow-on schedule check
[2025-02-28T15:33:25.880+0000] {local_task_job_runner.py:245} INFO - ::endgroup::
