[2025-02-28T15:37:11.724+0000] {local_task_job_runner.py:123} INFO - ::group::Pre task execution logs
[2025-02-28T15:37:11.754+0000] {taskinstance.py:2614} INFO - Dependencies all met for dep_context=non-requeueable deps ti=<TaskInstance: etl_scrapper_pipeline.scrapping_data manual__2025-02-28T15:33:16.089080+00:00 [queued]>
[2025-02-28T15:37:11.768+0000] {taskinstance.py:2614} INFO - Dependencies all met for dep_context=requeueable deps ti=<TaskInstance: etl_scrapper_pipeline.scrapping_data manual__2025-02-28T15:33:16.089080+00:00 [queued]>
[2025-02-28T15:37:11.769+0000] {taskinstance.py:2867} INFO - Starting attempt 2 of 3
[2025-02-28T15:37:11.791+0000] {taskinstance.py:2890} INFO - Executing <Task(PythonOperator): scrapping_data> on 2025-02-28 15:33:16.089080+00:00
[2025-02-28T15:37:11.803+0000] {warnings.py:112} WARNING - /home/***/.local/lib/python3.12/site-packages/***/task/task_runner/standard_task_runner.py:70: DeprecationWarning: This process (pid=214) is multi-threaded, use of fork() may lead to deadlocks in the child.
  pid = os.fork()

[2025-02-28T15:37:11.806+0000] {standard_task_runner.py:72} INFO - Started process 216 to run task
[2025-02-28T15:37:11.806+0000] {standard_task_runner.py:104} INFO - Running: ['***', 'tasks', 'run', 'etl_scrapper_pipeline', 'scrapping_data', 'manual__2025-02-28T15:33:16.089080+00:00', '--job-id', '17', '--raw', '--subdir', 'DAGS_FOLDER/etl_dags.py', '--cfg-path', '/tmp/tmp7fvz_412']
[2025-02-28T15:37:11.807+0000] {standard_task_runner.py:105} INFO - Job 17: Subtask scrapping_data
[2025-02-28T15:37:11.866+0000] {task_command.py:467} INFO - Running <TaskInstance: etl_scrapper_pipeline.scrapping_data manual__2025-02-28T15:33:16.089080+00:00 [running]> on host 081ded626b25
[2025-02-28T15:37:11.966+0000] {taskinstance.py:3134} INFO - Exporting env vars: AIRFLOW_CTX_DAG_OWNER='***' AIRFLOW_CTX_DAG_ID='etl_scrapper_pipeline' AIRFLOW_CTX_TASK_ID='scrapping_data' AIRFLOW_CTX_EXECUTION_DATE='2025-02-28T15:33:16.089080+00:00' AIRFLOW_CTX_TRY_NUMBER='2' AIRFLOW_CTX_DAG_RUN_ID='manual__2025-02-28T15:33:16.089080+00:00'
[2025-02-28T15:37:11.968+0000] {logging_mixin.py:190} INFO - Task instance is in running state
[2025-02-28T15:37:11.969+0000] {logging_mixin.py:190} INFO -  Previous state of the Task instance: queued
[2025-02-28T15:37:11.969+0000] {logging_mixin.py:190} INFO - Current task name:scrapping_data state:running start_date:2025-02-28 15:37:11.755174+00:00
[2025-02-28T15:37:11.970+0000] {logging_mixin.py:190} INFO - Dag name:etl_scrapper_pipeline and current dag run status:running
[2025-02-28T15:37:11.970+0000] {taskinstance.py:732} INFO - ::endgroup::
[2025-02-28T15:37:11.971+0000] {etl_dags.py:37} INFO - Scraping page 1: https://www.amazon.com/s?k=macbook&page=1&crid=3CHS3289UBR9B&qid=1740647689&sprefix=macb%2Caps%2C322&xpid=h062vM3nTWtUZ&ref=sr_pg_1
[2025-02-28T15:37:12.354+0000] {etl_dags.py:42} ERROR - Failed to retrieve page 1. Status code: 503
[2025-02-28T15:37:12.355+0000] {etl_dags.py:37} INFO - Scraping page 2: https://www.amazon.com/s?k=macbook&page=2&crid=3CHS3289UBR9B&qid=1740647689&sprefix=macb%2Caps%2C322&xpid=h062vM3nTWtUZ&ref=sr_pg_2
[2025-02-28T15:37:12.706+0000] {etl_dags.py:42} ERROR - Failed to retrieve page 2. Status code: 503
[2025-02-28T15:37:12.707+0000] {etl_dags.py:37} INFO - Scraping page 3: https://www.amazon.com/s?k=macbook&page=3&crid=3CHS3289UBR9B&qid=1740647689&sprefix=macb%2Caps%2C322&xpid=h062vM3nTWtUZ&ref=sr_pg_3
[2025-02-28T15:37:13.048+0000] {etl_dags.py:42} ERROR - Failed to retrieve page 3. Status code: 503
[2025-02-28T15:37:13.049+0000] {etl_dags.py:37} INFO - Scraping page 4: https://www.amazon.com/s?k=macbook&page=4&crid=3CHS3289UBR9B&qid=1740647689&sprefix=macb%2Caps%2C322&xpid=h062vM3nTWtUZ&ref=sr_pg_4
[2025-02-28T15:37:13.426+0000] {etl_dags.py:42} ERROR - Failed to retrieve page 4. Status code: 503
[2025-02-28T15:37:13.427+0000] {etl_dags.py:37} INFO - Scraping page 5: https://www.amazon.com/s?k=macbook&page=5&crid=3CHS3289UBR9B&qid=1740647689&sprefix=macb%2Caps%2C322&xpid=h062vM3nTWtUZ&ref=sr_pg_5
[2025-02-28T15:37:13.777+0000] {etl_dags.py:42} ERROR - Failed to retrieve page 5. Status code: 503
[2025-02-28T15:37:13.778+0000] {etl_dags.py:83} ERROR - No products were scraped. Check the selectors or the page structure.
[2025-02-28T15:37:13.779+0000] {python.py:240} INFO - Done. Returned value was: None
[2025-02-28T15:37:13.795+0000] {taskinstance.py:341} INFO - ::group::Post task execution logs
[2025-02-28T15:37:13.796+0000] {taskinstance.py:353} INFO - Marking task as SUCCESS. dag_id=etl_scrapper_pipeline, task_id=scrapping_data, run_id=manual__2025-02-28T15:33:16.089080+00:00, execution_date=20250228T153316, start_date=20250228T153711, end_date=20250228T153713
[2025-02-28T15:37:13.827+0000] {logging_mixin.py:190} INFO - Task instance in success state
[2025-02-28T15:37:13.828+0000] {logging_mixin.py:190} INFO -  Previous state of the Task instance: running
[2025-02-28T15:37:13.829+0000] {logging_mixin.py:190} INFO - Dag name:etl_scrapper_pipeline queued_at:2025-02-28 15:33:16.122751+00:00
[2025-02-28T15:37:13.830+0000] {logging_mixin.py:190} INFO - Task hostname:081ded626b25 operator:PythonOperator
[2025-02-28T15:37:13.869+0000] {local_task_job_runner.py:266} INFO - Task exited with return code 0
[2025-02-28T15:37:13.930+0000] {taskinstance.py:3901} INFO - 1 downstream tasks scheduled from follow-on schedule check
[2025-02-28T15:37:13.932+0000] {local_task_job_runner.py:245} INFO - ::endgroup::
