[2025-03-01T09:36:46.897+0000] {local_task_job_runner.py:123} INFO - ::group::Pre task execution logs
[2025-03-01T09:36:46.926+0000] {taskinstance.py:2614} INFO - Dependencies all met for dep_context=non-requeueable deps ti=<TaskInstance: etl_scrapper_pipeline.wait_for_cleaned_file manual__2025-03-01T09:35:41.536042+00:00 [queued]>
[2025-03-01T09:36:46.937+0000] {taskinstance.py:2614} INFO - Dependencies all met for dep_context=requeueable deps ti=<TaskInstance: etl_scrapper_pipeline.wait_for_cleaned_file manual__2025-03-01T09:35:41.536042+00:00 [queued]>
[2025-03-01T09:36:46.939+0000] {taskinstance.py:2867} INFO - Starting attempt 1 of 2
[2025-03-01T09:36:46.954+0000] {taskinstance.py:2890} INFO - Executing <Task(FileSensor): wait_for_cleaned_file> on 2025-03-01 09:35:41.536042+00:00
[2025-03-01T09:36:46.966+0000] {warnings.py:112} WARNING - /home/***/.local/lib/python3.12/site-packages/***/task/task_runner/standard_task_runner.py:70: DeprecationWarning: This process (pid=559) is multi-threaded, use of fork() may lead to deadlocks in the child.
  pid = os.fork()

[2025-03-01T09:36:46.968+0000] {standard_task_runner.py:72} INFO - Started process 562 to run task
[2025-03-01T09:36:46.968+0000] {standard_task_runner.py:104} INFO - Running: ['***', 'tasks', 'run', 'etl_scrapper_pipeline', 'wait_for_cleaned_file', 'manual__2025-03-01T09:35:41.536042+00:00', '--job-id', '208', '--raw', '--subdir', 'DAGS_FOLDER/etl_dags.py', '--cfg-path', '/tmp/tmpv2b6z63e']
[2025-03-01T09:36:46.969+0000] {standard_task_runner.py:105} INFO - Job 208: Subtask wait_for_cleaned_file
[2025-03-01T09:36:47.026+0000] {task_command.py:467} INFO - Running <TaskInstance: etl_scrapper_pipeline.wait_for_cleaned_file manual__2025-03-01T09:35:41.536042+00:00 [running]> on host 18f96a44278a
[2025-03-01T09:36:47.120+0000] {taskinstance.py:3134} INFO - Exporting env vars: AIRFLOW_CTX_DAG_OWNER='***' AIRFLOW_CTX_DAG_ID='etl_scrapper_pipeline' AIRFLOW_CTX_TASK_ID='wait_for_cleaned_file' AIRFLOW_CTX_EXECUTION_DATE='2025-03-01T09:35:41.536042+00:00' AIRFLOW_CTX_TRY_NUMBER='1' AIRFLOW_CTX_DAG_RUN_ID='manual__2025-03-01T09:35:41.536042+00:00'
[2025-03-01T09:36:47.122+0000] {logging_mixin.py:190} INFO - Task instance is in running state
[2025-03-01T09:36:47.122+0000] {logging_mixin.py:190} INFO -  Previous state of the Task instance: queued
[2025-03-01T09:36:47.123+0000] {logging_mixin.py:190} INFO - Current task name:wait_for_cleaned_file state:running start_date:2025-03-01 09:36:46.926751+00:00
[2025-03-01T09:36:47.123+0000] {logging_mixin.py:190} INFO - Dag name:etl_scrapper_pipeline and current dag run status:running
[2025-03-01T09:36:47.124+0000] {taskinstance.py:732} INFO - ::endgroup::
[2025-03-01T09:36:47.125+0000] {baseoperator.py:423} WARNING - FileSensor.execute cannot be called outside TaskInstance!
[2025-03-01T09:36:47.137+0000] {base.py:84} INFO - Retrieving connection 'fs_default'
[2025-03-01T09:36:47.138+0000] {filesystem.py:109} INFO - Poking for file /opt/***/dags/cleaned_data.csv
[2025-03-01T09:36:47.141+0000] {filesystem.py:113} INFO - Found File /opt/***/dags/cleaned_data.csv last modified: 20250301093644
[2025-03-01T09:36:47.142+0000] {base.py:339} INFO - Success criteria met. Exiting.
[2025-03-01T09:36:47.142+0000] {filesystem.py:109} INFO - Poking for file /opt/***/dags/cleaned_data.csv
[2025-03-01T09:36:47.145+0000] {filesystem.py:113} INFO - Found File /opt/***/dags/cleaned_data.csv last modified: 20250301093644
[2025-03-01T09:36:47.157+0000] {taskinstance.py:341} INFO - ::group::Post task execution logs
[2025-03-01T09:36:47.158+0000] {taskinstance.py:353} INFO - Marking task as SUCCESS. dag_id=etl_scrapper_pipeline, task_id=wait_for_cleaned_file, run_id=manual__2025-03-01T09:35:41.536042+00:00, execution_date=20250301T093541, start_date=20250301T093646, end_date=20250301T093647
[2025-03-01T09:36:47.185+0000] {logging_mixin.py:190} INFO - Task instance in success state
[2025-03-01T09:36:47.186+0000] {logging_mixin.py:190} INFO -  Previous state of the Task instance: running
[2025-03-01T09:36:47.186+0000] {logging_mixin.py:190} INFO - Dag name:etl_scrapper_pipeline queued_at:2025-03-01 09:35:41.546298+00:00
[2025-03-01T09:36:47.187+0000] {logging_mixin.py:190} INFO - Task hostname:18f96a44278a operator:FileSensor
[2025-03-01T09:36:47.224+0000] {local_task_job_runner.py:266} INFO - Task exited with return code 0
[2025-03-01T09:36:47.257+0000] {taskinstance.py:3901} INFO - 1 downstream tasks scheduled from follow-on schedule check
[2025-03-01T09:36:47.260+0000] {local_task_job_runner.py:245} INFO - ::endgroup::
