[2025-03-01T09:53:03.499+0000] {local_task_job_runner.py:123} INFO - ::group::Pre task execution logs
[2025-03-01T09:53:03.527+0000] {taskinstance.py:2614} INFO - Dependencies all met for dep_context=non-requeueable deps ti=<TaskInstance: etl_scrapper_pipeline.wait_for_raw_file manual__2025-03-01T09:51:58.576691+00:00 [queued]>
[2025-03-01T09:53:03.539+0000] {taskinstance.py:2614} INFO - Dependencies all met for dep_context=requeueable deps ti=<TaskInstance: etl_scrapper_pipeline.wait_for_raw_file manual__2025-03-01T09:51:58.576691+00:00 [queued]>
[2025-03-01T09:53:03.540+0000] {taskinstance.py:2867} INFO - Starting attempt 1 of 2
[2025-03-01T09:53:03.556+0000] {taskinstance.py:2890} INFO - Executing <Task(FileSensor): wait_for_raw_file> on 2025-03-01 09:51:58.576691+00:00
[2025-03-01T09:53:03.567+0000] {warnings.py:112} WARNING - /home/***/.local/lib/python3.12/site-packages/***/task/task_runner/standard_task_runner.py:70: DeprecationWarning: This process (pid=833) is multi-threaded, use of fork() may lead to deadlocks in the child.
  pid = os.fork()

[2025-03-01T09:53:03.569+0000] {standard_task_runner.py:72} INFO - Started process 836 to run task
[2025-03-01T09:53:03.569+0000] {standard_task_runner.py:104} INFO - Running: ['***', 'tasks', 'run', 'etl_scrapper_pipeline', 'wait_for_raw_file', 'manual__2025-03-01T09:51:58.576691+00:00', '--job-id', '222', '--raw', '--subdir', 'DAGS_FOLDER/etl_dags.py', '--cfg-path', '/tmp/tmp28mcih51']
[2025-03-01T09:53:03.571+0000] {standard_task_runner.py:105} INFO - Job 222: Subtask wait_for_raw_file
[2025-03-01T09:53:03.629+0000] {task_command.py:467} INFO - Running <TaskInstance: etl_scrapper_pipeline.wait_for_raw_file manual__2025-03-01T09:51:58.576691+00:00 [running]> on host 18f96a44278a
[2025-03-01T09:53:03.728+0000] {taskinstance.py:3134} INFO - Exporting env vars: AIRFLOW_CTX_DAG_OWNER='***' AIRFLOW_CTX_DAG_ID='etl_scrapper_pipeline' AIRFLOW_CTX_TASK_ID='wait_for_raw_file' AIRFLOW_CTX_EXECUTION_DATE='2025-03-01T09:51:58.576691+00:00' AIRFLOW_CTX_TRY_NUMBER='1' AIRFLOW_CTX_DAG_RUN_ID='manual__2025-03-01T09:51:58.576691+00:00'
[2025-03-01T09:53:03.730+0000] {logging_mixin.py:190} INFO - Task instance is in running state
[2025-03-01T09:53:03.730+0000] {logging_mixin.py:190} INFO -  Previous state of the Task instance: queued
[2025-03-01T09:53:03.731+0000] {logging_mixin.py:190} INFO - Current task name:wait_for_raw_file state:running start_date:2025-03-01 09:53:03.528690+00:00
[2025-03-01T09:53:03.732+0000] {logging_mixin.py:190} INFO - Dag name:etl_scrapper_pipeline and current dag run status:running
[2025-03-01T09:53:03.732+0000] {taskinstance.py:732} INFO - ::endgroup::
[2025-03-01T09:53:03.733+0000] {baseoperator.py:423} WARNING - FileSensor.execute cannot be called outside TaskInstance!
[2025-03-01T09:53:03.744+0000] {base.py:84} INFO - Retrieving connection 'fs_default'
[2025-03-01T09:53:03.745+0000] {filesystem.py:109} INFO - Poking for file /opt/***/dags/raw_data.csv
[2025-03-01T09:53:03.748+0000] {filesystem.py:113} INFO - Found File /opt/***/dags/raw_data.csv last modified: 20250301095300
[2025-03-01T09:53:03.749+0000] {base.py:339} INFO - Success criteria met. Exiting.
[2025-03-01T09:53:03.749+0000] {filesystem.py:109} INFO - Poking for file /opt/***/dags/raw_data.csv
[2025-03-01T09:53:03.752+0000] {filesystem.py:113} INFO - Found File /opt/***/dags/raw_data.csv last modified: 20250301095300
[2025-03-01T09:53:03.764+0000] {taskinstance.py:341} INFO - ::group::Post task execution logs
[2025-03-01T09:53:03.764+0000] {taskinstance.py:353} INFO - Marking task as SUCCESS. dag_id=etl_scrapper_pipeline, task_id=wait_for_raw_file, run_id=manual__2025-03-01T09:51:58.576691+00:00, execution_date=20250301T095158, start_date=20250301T095303, end_date=20250301T095303
[2025-03-01T09:53:03.794+0000] {logging_mixin.py:190} INFO - Task instance in success state
[2025-03-01T09:53:03.795+0000] {logging_mixin.py:190} INFO -  Previous state of the Task instance: running
[2025-03-01T09:53:03.796+0000] {logging_mixin.py:190} INFO - Dag name:etl_scrapper_pipeline queued_at:2025-03-01 09:51:58.605749+00:00
[2025-03-01T09:53:03.796+0000] {logging_mixin.py:190} INFO - Task hostname:18f96a44278a operator:FileSensor
[2025-03-01T09:53:03.825+0000] {local_task_job_runner.py:266} INFO - Task exited with return code 0
[2025-03-01T09:53:03.865+0000] {taskinstance.py:3901} INFO - 1 downstream tasks scheduled from follow-on schedule check
[2025-03-01T09:53:03.867+0000] {local_task_job_runner.py:245} INFO - ::endgroup::
