[2025-03-01T09:36:43.835+0000] {local_task_job_runner.py:123} INFO - ::group::Pre task execution logs
[2025-03-01T09:36:43.864+0000] {taskinstance.py:2614} INFO - Dependencies all met for dep_context=non-requeueable deps ti=<TaskInstance: etl_scrapper_pipeline.transform_raw_data manual__2025-03-01T09:35:41.536042+00:00 [queued]>
[2025-03-01T09:36:43.876+0000] {taskinstance.py:2614} INFO - Dependencies all met for dep_context=requeueable deps ti=<TaskInstance: etl_scrapper_pipeline.transform_raw_data manual__2025-03-01T09:35:41.536042+00:00 [queued]>
[2025-03-01T09:36:43.877+0000] {taskinstance.py:2867} INFO - Starting attempt 1 of 2
[2025-03-01T09:36:43.892+0000] {taskinstance.py:2890} INFO - Executing <Task(PythonOperator): transform_raw_data> on 2025-03-01 09:35:41.536042+00:00
[2025-03-01T09:36:43.902+0000] {warnings.py:112} WARNING - /home/***/.local/lib/python3.12/site-packages/***/task/task_runner/standard_task_runner.py:70: DeprecationWarning: This process (pid=547) is multi-threaded, use of fork() may lead to deadlocks in the child.
  pid = os.fork()

[2025-03-01T09:36:43.905+0000] {standard_task_runner.py:72} INFO - Started process 557 to run task
[2025-03-01T09:36:43.905+0000] {standard_task_runner.py:104} INFO - Running: ['***', 'tasks', 'run', 'etl_scrapper_pipeline', 'transform_raw_data', 'manual__2025-03-01T09:35:41.536042+00:00', '--job-id', '207', '--raw', '--subdir', 'DAGS_FOLDER/etl_dags.py', '--cfg-path', '/tmp/tmp1m6kpv8x']
[2025-03-01T09:36:43.907+0000] {standard_task_runner.py:105} INFO - Job 207: Subtask transform_raw_data
[2025-03-01T09:36:43.959+0000] {task_command.py:467} INFO - Running <TaskInstance: etl_scrapper_pipeline.transform_raw_data manual__2025-03-01T09:35:41.536042+00:00 [running]> on host 18f96a44278a
[2025-03-01T09:36:44.060+0000] {taskinstance.py:3134} INFO - Exporting env vars: AIRFLOW_CTX_DAG_OWNER='***' AIRFLOW_CTX_DAG_ID='etl_scrapper_pipeline' AIRFLOW_CTX_TASK_ID='transform_raw_data' AIRFLOW_CTX_EXECUTION_DATE='2025-03-01T09:35:41.536042+00:00' AIRFLOW_CTX_TRY_NUMBER='1' AIRFLOW_CTX_DAG_RUN_ID='manual__2025-03-01T09:35:41.536042+00:00'
[2025-03-01T09:36:44.062+0000] {logging_mixin.py:190} INFO - Task instance is in running state
[2025-03-01T09:36:44.063+0000] {logging_mixin.py:190} INFO -  Previous state of the Task instance: queued
[2025-03-01T09:36:44.064+0000] {logging_mixin.py:190} INFO - Current task name:transform_raw_data state:running start_date:2025-03-01 09:36:43.865557+00:00
[2025-03-01T09:36:44.064+0000] {logging_mixin.py:190} INFO - Dag name:etl_scrapper_pipeline and current dag run status:running
[2025-03-01T09:36:44.065+0000] {taskinstance.py:732} INFO - ::endgroup::
[2025-03-01T09:36:44.097+0000] {etl_dags.py:147} INFO - Data berhasil disimpan: cleaned_products.csv
[2025-03-01T09:36:44.098+0000] {python.py:240} INFO - Done. Returned value was: None
[2025-03-01T09:36:44.112+0000] {taskinstance.py:341} INFO - ::group::Post task execution logs
[2025-03-01T09:36:44.114+0000] {taskinstance.py:353} INFO - Marking task as SUCCESS. dag_id=etl_scrapper_pipeline, task_id=transform_raw_data, run_id=manual__2025-03-01T09:35:41.536042+00:00, execution_date=20250301T093541, start_date=20250301T093643, end_date=20250301T093644
[2025-03-01T09:36:44.142+0000] {logging_mixin.py:190} INFO - Task instance in success state
[2025-03-01T09:36:44.143+0000] {logging_mixin.py:190} INFO -  Previous state of the Task instance: running
[2025-03-01T09:36:44.144+0000] {logging_mixin.py:190} INFO - Dag name:etl_scrapper_pipeline queued_at:2025-03-01 09:35:41.546298+00:00
[2025-03-01T09:36:44.144+0000] {logging_mixin.py:190} INFO - Task hostname:18f96a44278a operator:PythonOperator
[2025-03-01T09:36:44.201+0000] {local_task_job_runner.py:266} INFO - Task exited with return code 0
[2025-03-01T09:36:44.244+0000] {taskinstance.py:3901} INFO - 1 downstream tasks scheduled from follow-on schedule check
[2025-03-01T09:36:44.246+0000] {local_task_job_runner.py:245} INFO - ::endgroup::
