[2025-03-01T09:20:24.873+0000] {local_task_job_runner.py:123} INFO - ::group::Pre task execution logs
[2025-03-01T09:20:24.914+0000] {taskinstance.py:2614} INFO - Dependencies all met for dep_context=non-requeueable deps ti=<TaskInstance: etl_scrapper_pipeline.create_table_task manual__2025-03-01T09:19:19.387115+00:00 [queued]>
[2025-03-01T09:20:24.930+0000] {taskinstance.py:2614} INFO - Dependencies all met for dep_context=requeueable deps ti=<TaskInstance: etl_scrapper_pipeline.create_table_task manual__2025-03-01T09:19:19.387115+00:00 [queued]>
[2025-03-01T09:20:24.931+0000] {taskinstance.py:2867} INFO - Starting attempt 1 of 1
[2025-03-01T09:20:24.953+0000] {taskinstance.py:2890} INFO - Executing <Task(SQLExecuteQueryOperator): create_table_task> on 2025-03-01 09:19:19.387115+00:00
[2025-03-01T09:20:24.966+0000] {warnings.py:112} WARNING - /home/***/.local/lib/python3.12/site-packages/***/task/task_runner/standard_task_runner.py:70: DeprecationWarning: This process (pid=280) is multi-threaded, use of fork() may lead to deadlocks in the child.
  pid = os.fork()

[2025-03-01T09:20:24.968+0000] {standard_task_runner.py:72} INFO - Started process 283 to run task
[2025-03-01T09:20:24.968+0000] {standard_task_runner.py:104} INFO - Running: ['***', 'tasks', 'run', 'etl_scrapper_pipeline', 'create_table_task', 'manual__2025-03-01T09:19:19.387115+00:00', '--job-id', '193', '--raw', '--subdir', 'DAGS_FOLDER/etl_dags.py', '--cfg-path', '/tmp/tmprvlzm5oj']
[2025-03-01T09:20:24.970+0000] {standard_task_runner.py:105} INFO - Job 193: Subtask create_table_task
[2025-03-01T09:20:25.032+0000] {task_command.py:467} INFO - Running <TaskInstance: etl_scrapper_pipeline.create_table_task manual__2025-03-01T09:19:19.387115+00:00 [running]> on host 18f96a44278a
[2025-03-01T09:20:25.147+0000] {taskinstance.py:3134} INFO - Exporting env vars: AIRFLOW_CTX_DAG_OWNER='***' AIRFLOW_CTX_DAG_ID='etl_scrapper_pipeline' AIRFLOW_CTX_TASK_ID='create_table_task' AIRFLOW_CTX_EXECUTION_DATE='2025-03-01T09:19:19.387115+00:00' AIRFLOW_CTX_TRY_NUMBER='1' AIRFLOW_CTX_DAG_RUN_ID='manual__2025-03-01T09:19:19.387115+00:00'
[2025-03-01T09:20:25.149+0000] {logging_mixin.py:190} INFO - Task instance is in running state
[2025-03-01T09:20:25.149+0000] {logging_mixin.py:190} INFO -  Previous state of the Task instance: queued
[2025-03-01T09:20:25.150+0000] {logging_mixin.py:190} INFO - Current task name:create_table_task state:running start_date:2025-03-01 09:20:24.914968+00:00
[2025-03-01T09:20:25.151+0000] {logging_mixin.py:190} INFO - Dag name:etl_scrapper_pipeline and current dag run status:running
[2025-03-01T09:20:25.151+0000] {taskinstance.py:732} INFO - ::endgroup::
[2025-03-01T09:20:25.152+0000] {sql.py:295} INFO - Executing:  
    CREATE TABLE IF NOT EXISTS products (
        id SERIAL PRIMARY KEY,
        product_name TEXT NOT NULL,
        price INT NOT NULL,
        rating FLOAT NOT NULL,
        product_link TEXT NOT NULL,
        subcategory TEXT NOT NULL
    );
    
[2025-03-01T09:20:25.164+0000] {base.py:84} INFO - Retrieving connection 'amazon_products_connection'
[2025-03-01T09:20:25.177+0000] {base.py:84} INFO - Retrieving connection 'amazon_products_connection'
[2025-03-01T09:20:25.182+0000] {sql.py:511} INFO - Running statement:  
    CREATE TABLE IF NOT EXISTS products (
        id SERIAL PRIMARY KEY,
        product_name TEXT NOT NULL,
        price INT NOT NULL,
        rating FLOAT NOT NULL,
        product_link TEXT NOT NULL,
        subcategory TEXT NOT NULL
    );
    , parameters: None
[2025-03-01T09:20:25.219+0000] {warnings.py:112} WARNING - /home/***/.local/lib/python3.12/site-packages/***/providers/common/sql/hooks/sql.py:470: DeprecationWarning: Import of fetch_all_handler from the '***.providers.common.sql.hooks' module is deprecated and will
be removed in the future. Please import it from '***.providers.common.sql.hooks.handlers'.
  result = self._make_common_data_structure(handler(cur))

[2025-03-01T09:20:25.222+0000] {warnings.py:112} WARNING - /home/***/.local/lib/python3.12/site-packages/***/providers/common/sql/hooks/sql.py:471: DeprecationWarning: Import of return_single_query_results from the '***.providers.common.sql.hooks' module is deprecated and will
be removed in the future. Please import it from '***.providers.common.sql.hooks.handlers'.
  if return_single_query_results(sql, return_last, split_statements):

[2025-03-01T09:20:25.224+0000] {warnings.py:112} WARNING - /home/***/.local/lib/python3.12/site-packages/***/providers/common/sql/hooks/sql.py:486: DeprecationWarning: Import of return_single_query_results from the '***.providers.common.sql.hooks' module is deprecated and will
be removed in the future. Please import it from '***.providers.common.sql.hooks.handlers'.
  if return_single_query_results(sql, return_last, split_statements):

[2025-03-01T09:20:25.226+0000] {warnings.py:112} WARNING - /home/***/.local/lib/python3.12/site-packages/***/providers/common/sql/operators/sql.py:311: DeprecationWarning: Import of return_single_query_results from the '***.providers.common.sql.hooks' module is deprecated and will
be removed in the future. Please import it from '***.providers.common.sql.hooks.handlers'.
  if return_single_query_results(self.sql, self.return_last, self.split_statements):

[2025-03-01T09:20:25.239+0000] {taskinstance.py:341} INFO - ::group::Post task execution logs
[2025-03-01T09:20:25.240+0000] {taskinstance.py:353} INFO - Marking task as SUCCESS. dag_id=etl_scrapper_pipeline, task_id=create_table_task, run_id=manual__2025-03-01T09:19:19.387115+00:00, execution_date=20250301T091919, start_date=20250301T092024, end_date=20250301T092025
[2025-03-01T09:20:25.268+0000] {logging_mixin.py:190} INFO - Task instance in success state
[2025-03-01T09:20:25.268+0000] {logging_mixin.py:190} INFO -  Previous state of the Task instance: running
[2025-03-01T09:20:25.269+0000] {logging_mixin.py:190} INFO - Dag name:etl_scrapper_pipeline queued_at:2025-03-01 09:19:19.398132+00:00
[2025-03-01T09:20:25.270+0000] {logging_mixin.py:190} INFO - Task hostname:18f96a44278a operator:SQLExecuteQueryOperator
[2025-03-01T09:20:25.305+0000] {local_task_job_runner.py:266} INFO - Task exited with return code 0
[2025-03-01T09:20:25.334+0000] {taskinstance.py:3901} INFO - 2 downstream tasks scheduled from follow-on schedule check
[2025-03-01T09:20:25.336+0000] {local_task_job_runner.py:245} INFO - ::endgroup::
