[2025-03-01T09:20:20.607+0000] {local_task_job_runner.py:123} INFO - ::group::Pre task execution logs
[2025-03-01T09:20:20.640+0000] {taskinstance.py:2614} INFO - Dependencies all met for dep_context=non-requeueable deps ti=<TaskInstance: etl_scrapper_pipeline.transform_raw_data manual__2025-03-01T09:19:19.387115+00:00 [queued]>
[2025-03-01T09:20:20.661+0000] {taskinstance.py:2614} INFO - Dependencies all met for dep_context=requeueable deps ti=<TaskInstance: etl_scrapper_pipeline.transform_raw_data manual__2025-03-01T09:19:19.387115+00:00 [queued]>
[2025-03-01T09:20:20.662+0000] {taskinstance.py:2867} INFO - Starting attempt 1 of 2
[2025-03-01T09:20:20.681+0000] {taskinstance.py:2890} INFO - Executing <Task(PythonOperator): transform_raw_data> on 2025-03-01 09:19:19.387115+00:00
[2025-03-01T09:20:20.691+0000] {warnings.py:112} WARNING - /home/***/.local/lib/python3.12/site-packages/***/task/task_runner/standard_task_runner.py:70: DeprecationWarning: This process (pid=268) is multi-threaded, use of fork() may lead to deadlocks in the child.
  pid = os.fork()

[2025-03-01T09:20:20.693+0000] {standard_task_runner.py:72} INFO - Started process 271 to run task
[2025-03-01T09:20:20.694+0000] {standard_task_runner.py:104} INFO - Running: ['***', 'tasks', 'run', 'etl_scrapper_pipeline', 'transform_raw_data', 'manual__2025-03-01T09:19:19.387115+00:00', '--job-id', '192', '--raw', '--subdir', 'DAGS_FOLDER/etl_dags.py', '--cfg-path', '/tmp/tmpwvhdiy8g']
[2025-03-01T09:20:20.696+0000] {standard_task_runner.py:105} INFO - Job 192: Subtask transform_raw_data
[2025-03-01T09:20:20.760+0000] {task_command.py:467} INFO - Running <TaskInstance: etl_scrapper_pipeline.transform_raw_data manual__2025-03-01T09:19:19.387115+00:00 [running]> on host 18f96a44278a
[2025-03-01T09:20:20.882+0000] {taskinstance.py:3134} INFO - Exporting env vars: AIRFLOW_CTX_DAG_OWNER='***' AIRFLOW_CTX_DAG_ID='etl_scrapper_pipeline' AIRFLOW_CTX_TASK_ID='transform_raw_data' AIRFLOW_CTX_EXECUTION_DATE='2025-03-01T09:19:19.387115+00:00' AIRFLOW_CTX_TRY_NUMBER='1' AIRFLOW_CTX_DAG_RUN_ID='manual__2025-03-01T09:19:19.387115+00:00'
[2025-03-01T09:20:20.884+0000] {logging_mixin.py:190} INFO - Task instance is in running state
[2025-03-01T09:20:20.885+0000] {logging_mixin.py:190} INFO -  Previous state of the Task instance: queued
[2025-03-01T09:20:20.886+0000] {logging_mixin.py:190} INFO - Current task name:transform_raw_data state:running start_date:2025-03-01 09:20:20.641664+00:00
[2025-03-01T09:20:20.886+0000] {logging_mixin.py:190} INFO - Dag name:etl_scrapper_pipeline and current dag run status:running
[2025-03-01T09:20:20.887+0000] {taskinstance.py:732} INFO - ::endgroup::
[2025-03-01T09:20:20.910+0000] {etl_dags.py:146} INFO - Data berhasil disimpan: cleaned_products.csv
[2025-03-01T09:20:20.911+0000] {python.py:240} INFO - Done. Returned value was: None
[2025-03-01T09:20:20.924+0000] {taskinstance.py:341} INFO - ::group::Post task execution logs
[2025-03-01T09:20:20.926+0000] {taskinstance.py:353} INFO - Marking task as SUCCESS. dag_id=etl_scrapper_pipeline, task_id=transform_raw_data, run_id=manual__2025-03-01T09:19:19.387115+00:00, execution_date=20250301T091919, start_date=20250301T092020, end_date=20250301T092020
[2025-03-01T09:20:20.952+0000] {logging_mixin.py:190} INFO - Task instance in success state
[2025-03-01T09:20:20.952+0000] {logging_mixin.py:190} INFO -  Previous state of the Task instance: running
[2025-03-01T09:20:20.953+0000] {logging_mixin.py:190} INFO - Dag name:etl_scrapper_pipeline queued_at:2025-03-01 09:19:19.398132+00:00
[2025-03-01T09:20:20.953+0000] {logging_mixin.py:190} INFO - Task hostname:18f96a44278a operator:PythonOperator
[2025-03-01T09:20:20.991+0000] {local_task_job_runner.py:266} INFO - Task exited with return code 0
[2025-03-01T09:20:21.030+0000] {taskinstance.py:3901} INFO - 1 downstream tasks scheduled from follow-on schedule check
[2025-03-01T09:20:21.032+0000] {local_task_job_runner.py:245} INFO - ::endgroup::
