[2025-03-01T09:32:31.201+0000] {local_task_job_runner.py:123} INFO - ::group::Pre task execution logs
[2025-03-01T09:32:31.229+0000] {taskinstance.py:2614} INFO - Dependencies all met for dep_context=non-requeueable deps ti=<TaskInstance: etl_scrapper_pipeline.create_table_task manual__2025-03-01T09:31:16.279784+00:00 [queued]>
[2025-03-01T09:32:31.243+0000] {taskinstance.py:2614} INFO - Dependencies all met for dep_context=requeueable deps ti=<TaskInstance: etl_scrapper_pipeline.create_table_task manual__2025-03-01T09:31:16.279784+00:00 [queued]>
[2025-03-01T09:32:31.244+0000] {taskinstance.py:2867} INFO - Starting attempt 1 of 2
[2025-03-01T09:32:31.262+0000] {taskinstance.py:2890} INFO - Executing <Task(SQLExecuteQueryOperator): create_table_task> on 2025-03-01 09:31:16.279784+00:00
[2025-03-01T09:32:31.274+0000] {warnings.py:112} WARNING - /home/***/.local/lib/python3.12/site-packages/***/task/task_runner/standard_task_runner.py:70: DeprecationWarning: This process (pid=473) is multi-threaded, use of fork() may lead to deadlocks in the child.
  pid = os.fork()

[2025-03-01T09:32:31.276+0000] {standard_task_runner.py:72} INFO - Started process 476 to run task
[2025-03-01T09:32:31.277+0000] {standard_task_runner.py:104} INFO - Running: ['***', 'tasks', 'run', 'etl_scrapper_pipeline', 'create_table_task', 'manual__2025-03-01T09:31:16.279784+00:00', '--job-id', '202', '--raw', '--subdir', 'DAGS_FOLDER/etl_dags.py', '--cfg-path', '/tmp/tmpe6b7prtv']
[2025-03-01T09:32:31.278+0000] {standard_task_runner.py:105} INFO - Job 202: Subtask create_table_task
[2025-03-01T09:32:31.331+0000] {task_command.py:467} INFO - Running <TaskInstance: etl_scrapper_pipeline.create_table_task manual__2025-03-01T09:31:16.279784+00:00 [running]> on host 18f96a44278a
[2025-03-01T09:32:31.437+0000] {taskinstance.py:3134} INFO - Exporting env vars: AIRFLOW_CTX_DAG_OWNER='***' AIRFLOW_CTX_DAG_ID='etl_scrapper_pipeline' AIRFLOW_CTX_TASK_ID='create_table_task' AIRFLOW_CTX_EXECUTION_DATE='2025-03-01T09:31:16.279784+00:00' AIRFLOW_CTX_TRY_NUMBER='1' AIRFLOW_CTX_DAG_RUN_ID='manual__2025-03-01T09:31:16.279784+00:00'
[2025-03-01T09:32:31.439+0000] {logging_mixin.py:190} INFO - Task instance is in running state
[2025-03-01T09:32:31.440+0000] {logging_mixin.py:190} INFO -  Previous state of the Task instance: queued
[2025-03-01T09:32:31.440+0000] {logging_mixin.py:190} INFO - Current task name:create_table_task state:running start_date:2025-03-01 09:32:31.230614+00:00
[2025-03-01T09:32:31.440+0000] {logging_mixin.py:190} INFO - Dag name:etl_scrapper_pipeline and current dag run status:running
[2025-03-01T09:32:31.441+0000] {taskinstance.py:732} INFO - ::endgroup::
[2025-03-01T09:32:31.441+0000] {sql.py:295} INFO - Executing:  
    CREATE TABLE IF NOT EXISTS products (
        id SERIAL PRIMARY KEY,
        product_name TEXT NOT NULL,
        price INT NOT NULL,
        rating FLOAT NOT NULL,
        product_link TEXT NOT NULL,
        subcategory TEXT NOT NULL
    );
    
[2025-03-01T09:32:31.451+0000] {base.py:84} INFO - Retrieving connection 'amazon_products_connection'
[2025-03-01T09:32:31.466+0000] {base.py:84} INFO - Retrieving connection 'amazon_products_connection'
[2025-03-01T09:32:31.470+0000] {sql.py:511} INFO - Running statement:  
    CREATE TABLE IF NOT EXISTS products (
        id SERIAL PRIMARY KEY,
        product_name TEXT NOT NULL,
        price INT NOT NULL,
        rating FLOAT NOT NULL,
        product_link TEXT NOT NULL,
        subcategory TEXT NOT NULL
    );
    , parameters: None
[2025-03-01T09:32:31.472+0000] {warnings.py:112} WARNING - /home/***/.local/lib/python3.12/site-packages/***/providers/common/sql/hooks/sql.py:470: DeprecationWarning: Import of fetch_all_handler from the '***.providers.common.sql.hooks' module is deprecated and will
be removed in the future. Please import it from '***.providers.common.sql.hooks.handlers'.
  result = self._make_common_data_structure(handler(cur))

[2025-03-01T09:32:31.474+0000] {warnings.py:112} WARNING - /home/***/.local/lib/python3.12/site-packages/***/providers/common/sql/hooks/sql.py:471: DeprecationWarning: Import of return_single_query_results from the '***.providers.common.sql.hooks' module is deprecated and will
be removed in the future. Please import it from '***.providers.common.sql.hooks.handlers'.
  if return_single_query_results(sql, return_last, split_statements):

[2025-03-01T09:32:31.475+0000] {warnings.py:112} WARNING - /home/***/.local/lib/python3.12/site-packages/***/providers/common/sql/hooks/sql.py:486: DeprecationWarning: Import of return_single_query_results from the '***.providers.common.sql.hooks' module is deprecated and will
be removed in the future. Please import it from '***.providers.common.sql.hooks.handlers'.
  if return_single_query_results(sql, return_last, split_statements):

[2025-03-01T09:32:31.476+0000] {warnings.py:112} WARNING - /home/***/.local/lib/python3.12/site-packages/***/providers/common/sql/operators/sql.py:311: DeprecationWarning: Import of return_single_query_results from the '***.providers.common.sql.hooks' module is deprecated and will
be removed in the future. Please import it from '***.providers.common.sql.hooks.handlers'.
  if return_single_query_results(self.sql, self.return_last, self.split_statements):

[2025-03-01T09:32:31.487+0000] {taskinstance.py:341} INFO - ::group::Post task execution logs
[2025-03-01T09:32:31.488+0000] {taskinstance.py:353} INFO - Marking task as SUCCESS. dag_id=etl_scrapper_pipeline, task_id=create_table_task, run_id=manual__2025-03-01T09:31:16.279784+00:00, execution_date=20250301T093116, start_date=20250301T093231, end_date=20250301T093231
[2025-03-01T09:32:31.516+0000] {logging_mixin.py:190} INFO - Task instance in success state
[2025-03-01T09:32:31.517+0000] {logging_mixin.py:190} INFO -  Previous state of the Task instance: running
[2025-03-01T09:32:31.517+0000] {logging_mixin.py:190} INFO - Dag name:etl_scrapper_pipeline queued_at:2025-03-01 09:31:16.299659+00:00
[2025-03-01T09:32:31.518+0000] {logging_mixin.py:190} INFO - Task hostname:18f96a44278a operator:SQLExecuteQueryOperator
[2025-03-01T09:32:31.532+0000] {local_task_job_runner.py:266} INFO - Task exited with return code 0
[2025-03-01T09:32:31.561+0000] {taskinstance.py:3901} INFO - 2 downstream tasks scheduled from follow-on schedule check
[2025-03-01T09:32:31.563+0000] {local_task_job_runner.py:245} INFO - ::endgroup::
