[2025-03-01T09:16:30.658+0000] {local_task_job_runner.py:123} INFO - ::group::Pre task execution logs
[2025-03-01T09:16:30.680+0000] {taskinstance.py:2614} INFO - Dependencies all met for dep_context=non-requeueable deps ti=<TaskInstance: etl_scrapper_pipeline.scrapping_data manual__2025-03-01T09:16:27.284063+00:00 [queued]>
[2025-03-01T09:16:30.690+0000] {taskinstance.py:2614} INFO - Dependencies all met for dep_context=requeueable deps ti=<TaskInstance: etl_scrapper_pipeline.scrapping_data manual__2025-03-01T09:16:27.284063+00:00 [queued]>
[2025-03-01T09:16:30.691+0000] {taskinstance.py:2867} INFO - Starting attempt 1 of 2
[2025-03-01T09:16:30.712+0000] {taskinstance.py:2890} INFO - Executing <Task(PythonOperator): scrapping_data> on 2025-03-01 09:16:27.284063+00:00
[2025-03-01T09:16:30.726+0000] {warnings.py:112} WARNING - /home/***/.local/lib/python3.12/site-packages/***/task/task_runner/standard_task_runner.py:70: DeprecationWarning: This process (pid=206) is multi-threaded, use of fork() may lead to deadlocks in the child.
  pid = os.fork()

[2025-03-01T09:16:30.728+0000] {standard_task_runner.py:72} INFO - Started process 209 to run task
[2025-03-01T09:16:30.728+0000] {standard_task_runner.py:104} INFO - Running: ['***', 'tasks', 'run', 'etl_scrapper_pipeline', 'scrapping_data', 'manual__2025-03-01T09:16:27.284063+00:00', '--job-id', '188', '--raw', '--subdir', 'DAGS_FOLDER/etl_dags.py', '--cfg-path', '/tmp/tmppufbtovf']
[2025-03-01T09:16:30.730+0000] {standard_task_runner.py:105} INFO - Job 188: Subtask scrapping_data
[2025-03-01T09:16:30.797+0000] {task_command.py:467} INFO - Running <TaskInstance: etl_scrapper_pipeline.scrapping_data manual__2025-03-01T09:16:27.284063+00:00 [running]> on host 18f96a44278a
[2025-03-01T09:16:30.889+0000] {taskinstance.py:3134} INFO - Exporting env vars: AIRFLOW_CTX_DAG_OWNER='***' AIRFLOW_CTX_DAG_ID='etl_scrapper_pipeline' AIRFLOW_CTX_TASK_ID='scrapping_data' AIRFLOW_CTX_EXECUTION_DATE='2025-03-01T09:16:27.284063+00:00' AIRFLOW_CTX_TRY_NUMBER='1' AIRFLOW_CTX_DAG_RUN_ID='manual__2025-03-01T09:16:27.284063+00:00'
[2025-03-01T09:16:30.891+0000] {logging_mixin.py:190} INFO - Task instance is in running state
[2025-03-01T09:16:30.892+0000] {logging_mixin.py:190} INFO -  Previous state of the Task instance: queued
[2025-03-01T09:16:30.892+0000] {logging_mixin.py:190} INFO - Current task name:scrapping_data state:running start_date:2025-03-01 09:16:30.681339+00:00
[2025-03-01T09:16:30.893+0000] {logging_mixin.py:190} INFO - Dag name:etl_scrapper_pipeline and current dag run status:running
[2025-03-01T09:16:30.894+0000] {taskinstance.py:732} INFO - ::endgroup::
[2025-03-01T09:16:31.250+0000] {etl_dags.py:46} INFO - Scraping page 1: https://www.amazon.com/s?k=macbook&page=1&crid=3CHS3289UBR9B&qid=1740647689&sprefix=macb%2Caps%2C322&xpid=h062vM3nTWtUZ&ref=sr_pg_1
[2025-03-01T09:16:45.214+0000] {etl_dags.py:46} INFO - Scraping page 2: https://www.amazon.com/s?k=macbook&page=2&crid=3CHS3289UBR9B&qid=1740647689&sprefix=macb%2Caps%2C322&xpid=h062vM3nTWtUZ&ref=sr_pg_2
[2025-03-01T09:16:54.882+0000] {etl_dags.py:46} INFO - Scraping page 3: https://www.amazon.com/s?k=macbook&page=3&crid=3CHS3289UBR9B&qid=1740647689&sprefix=macb%2Caps%2C322&xpid=h062vM3nTWtUZ&ref=sr_pg_3
[2025-03-01T09:17:04.538+0000] {etl_dags.py:46} INFO - Scraping page 4: https://www.amazon.com/s?k=macbook&page=4&crid=3CHS3289UBR9B&qid=1740647689&sprefix=macb%2Caps%2C322&xpid=h062vM3nTWtUZ&ref=sr_pg_4
[2025-03-01T09:17:14.152+0000] {etl_dags.py:46} INFO - Scraping page 5: https://www.amazon.com/s?k=macbook&page=5&crid=3CHS3289UBR9B&qid=1740647689&sprefix=macb%2Caps%2C322&xpid=h062vM3nTWtUZ&ref=sr_pg_5
[2025-03-01T09:17:23.893+0000] {etl_dags.py:105} INFO - Data berhasil disimpan: raw_data.csv
[2025-03-01T09:17:23.894+0000] {python.py:240} INFO - Done. Returned value was: None
[2025-03-01T09:17:23.908+0000] {taskinstance.py:341} INFO - ::group::Post task execution logs
[2025-03-01T09:17:23.909+0000] {taskinstance.py:353} INFO - Marking task as SUCCESS. dag_id=etl_scrapper_pipeline, task_id=scrapping_data, run_id=manual__2025-03-01T09:16:27.284063+00:00, execution_date=20250301T091627, start_date=20250301T091630, end_date=20250301T091723
[2025-03-01T09:17:23.941+0000] {logging_mixin.py:190} INFO - Task instance in success state
[2025-03-01T09:17:23.942+0000] {logging_mixin.py:190} INFO -  Previous state of the Task instance: running
[2025-03-01T09:17:23.943+0000] {logging_mixin.py:190} INFO - Dag name:etl_scrapper_pipeline queued_at:2025-03-01 09:16:27.303841+00:00
[2025-03-01T09:17:23.945+0000] {logging_mixin.py:190} INFO - Task hostname:18f96a44278a operator:PythonOperator
[2025-03-01T09:17:23.995+0000] {local_task_job_runner.py:266} INFO - Task exited with return code 0
[2025-03-01T09:17:24.037+0000] {taskinstance.py:3901} INFO - 1 downstream tasks scheduled from follow-on schedule check
[2025-03-01T09:17:24.040+0000] {local_task_job_runner.py:245} INFO - ::endgroup::
