[2025-03-01T09:19:22.347+0000] {local_task_job_runner.py:123} INFO - ::group::Pre task execution logs
[2025-03-01T09:19:22.380+0000] {taskinstance.py:2614} INFO - Dependencies all met for dep_context=non-requeueable deps ti=<TaskInstance: etl_scrapper_pipeline.scrapping_data manual__2025-03-01T09:19:19.387115+00:00 [queued]>
[2025-03-01T09:19:22.391+0000] {taskinstance.py:2614} INFO - Dependencies all met for dep_context=requeueable deps ti=<TaskInstance: etl_scrapper_pipeline.scrapping_data manual__2025-03-01T09:19:19.387115+00:00 [queued]>
[2025-03-01T09:19:22.392+0000] {taskinstance.py:2867} INFO - Starting attempt 1 of 2
[2025-03-01T09:19:22.409+0000] {taskinstance.py:2890} INFO - Executing <Task(PythonOperator): scrapping_data> on 2025-03-01 09:19:19.387115+00:00
[2025-03-01T09:19:22.419+0000] {warnings.py:112} WARNING - /home/***/.local/lib/python3.12/site-packages/***/task/task_runner/standard_task_runner.py:70: DeprecationWarning: This process (pid=256) is multi-threaded, use of fork() may lead to deadlocks in the child.
  pid = os.fork()

[2025-03-01T09:19:22.421+0000] {standard_task_runner.py:72} INFO - Started process 259 to run task
[2025-03-01T09:19:22.422+0000] {standard_task_runner.py:104} INFO - Running: ['***', 'tasks', 'run', 'etl_scrapper_pipeline', 'scrapping_data', 'manual__2025-03-01T09:19:19.387115+00:00', '--job-id', '191', '--raw', '--subdir', 'DAGS_FOLDER/etl_dags.py', '--cfg-path', '/tmp/tmp7lm0dwa9']
[2025-03-01T09:19:22.423+0000] {standard_task_runner.py:105} INFO - Job 191: Subtask scrapping_data
[2025-03-01T09:19:22.479+0000] {task_command.py:467} INFO - Running <TaskInstance: etl_scrapper_pipeline.scrapping_data manual__2025-03-01T09:19:19.387115+00:00 [running]> on host 18f96a44278a
[2025-03-01T09:19:22.569+0000] {taskinstance.py:3134} INFO - Exporting env vars: AIRFLOW_CTX_DAG_OWNER='***' AIRFLOW_CTX_DAG_ID='etl_scrapper_pipeline' AIRFLOW_CTX_TASK_ID='scrapping_data' AIRFLOW_CTX_EXECUTION_DATE='2025-03-01T09:19:19.387115+00:00' AIRFLOW_CTX_TRY_NUMBER='1' AIRFLOW_CTX_DAG_RUN_ID='manual__2025-03-01T09:19:19.387115+00:00'
[2025-03-01T09:19:22.571+0000] {logging_mixin.py:190} INFO - Task instance is in running state
[2025-03-01T09:19:22.572+0000] {logging_mixin.py:190} INFO -  Previous state of the Task instance: queued
[2025-03-01T09:19:22.572+0000] {logging_mixin.py:190} INFO - Current task name:scrapping_data state:running start_date:2025-03-01 09:19:22.381662+00:00
[2025-03-01T09:19:22.573+0000] {logging_mixin.py:190} INFO - Dag name:etl_scrapper_pipeline and current dag run status:running
[2025-03-01T09:19:22.573+0000] {taskinstance.py:732} INFO - ::endgroup::
[2025-03-01T09:19:22.924+0000] {etl_dags.py:46} INFO - Scraping page 1: https://www.amazon.com/s?k=macbook&page=1&crid=3CHS3289UBR9B&qid=1740647689&sprefix=macb%2Caps%2C322&xpid=h062vM3nTWtUZ&ref=sr_pg_1
[2025-03-01T09:19:39.070+0000] {etl_dags.py:46} INFO - Scraping page 2: https://www.amazon.com/s?k=macbook&page=2&crid=3CHS3289UBR9B&qid=1740647689&sprefix=macb%2Caps%2C322&xpid=h062vM3nTWtUZ&ref=sr_pg_2
[2025-03-01T09:19:49.279+0000] {etl_dags.py:46} INFO - Scraping page 3: https://www.amazon.com/s?k=macbook&page=3&crid=3CHS3289UBR9B&qid=1740647689&sprefix=macb%2Caps%2C322&xpid=h062vM3nTWtUZ&ref=sr_pg_3
[2025-03-01T09:19:58.875+0000] {etl_dags.py:46} INFO - Scraping page 4: https://www.amazon.com/s?k=macbook&page=4&crid=3CHS3289UBR9B&qid=1740647689&sprefix=macb%2Caps%2C322&xpid=h062vM3nTWtUZ&ref=sr_pg_4
[2025-03-01T09:20:08.483+0000] {etl_dags.py:46} INFO - Scraping page 5: https://www.amazon.com/s?k=macbook&page=5&crid=3CHS3289UBR9B&qid=1740647689&sprefix=macb%2Caps%2C322&xpid=h062vM3nTWtUZ&ref=sr_pg_5
[2025-03-01T09:20:18.139+0000] {etl_dags.py:105} INFO - Data berhasil disimpan: raw_data.csv
[2025-03-01T09:20:18.140+0000] {python.py:240} INFO - Done. Returned value was: None
[2025-03-01T09:20:18.154+0000] {taskinstance.py:341} INFO - ::group::Post task execution logs
[2025-03-01T09:20:18.155+0000] {taskinstance.py:353} INFO - Marking task as SUCCESS. dag_id=etl_scrapper_pipeline, task_id=scrapping_data, run_id=manual__2025-03-01T09:19:19.387115+00:00, execution_date=20250301T091919, start_date=20250301T091922, end_date=20250301T092018
[2025-03-01T09:20:18.184+0000] {logging_mixin.py:190} INFO - Task instance in success state
[2025-03-01T09:20:18.184+0000] {logging_mixin.py:190} INFO -  Previous state of the Task instance: running
[2025-03-01T09:20:18.185+0000] {logging_mixin.py:190} INFO - Dag name:etl_scrapper_pipeline queued_at:2025-03-01 09:19:19.398132+00:00
[2025-03-01T09:20:18.186+0000] {logging_mixin.py:190} INFO - Task hostname:18f96a44278a operator:PythonOperator
[2025-03-01T09:20:18.209+0000] {local_task_job_runner.py:266} INFO - Task exited with return code 0
[2025-03-01T09:20:18.220+0000] {local_task_job_runner.py:245} INFO - ::endgroup::
