[2025-03-01T09:58:15.949+0000] {local_task_job_runner.py:123} INFO - ::group::Pre task execution logs
[2025-03-01T09:58:15.990+0000] {taskinstance.py:2614} INFO - Dependencies all met for dep_context=non-requeueable deps ti=<TaskInstance: etl_scrapper_pipeline.create_table_task manual__2025-03-01T09:51:58.576691+00:00 [queued]>
[2025-03-01T09:58:16.005+0000] {taskinstance.py:2614} INFO - Dependencies all met for dep_context=requeueable deps ti=<TaskInstance: etl_scrapper_pipeline.create_table_task manual__2025-03-01T09:51:58.576691+00:00 [queued]>
[2025-03-01T09:58:16.006+0000] {taskinstance.py:2867} INFO - Starting attempt 2 of 2
[2025-03-01T09:58:16.024+0000] {taskinstance.py:2890} INFO - Executing <Task(SQLExecuteQueryOperator): create_table_task> on 2025-03-01 09:51:58.576691+00:00
[2025-03-01T09:58:16.035+0000] {warnings.py:112} WARNING - /home/***/.local/lib/python3.12/site-packages/***/task/task_runner/standard_task_runner.py:70: DeprecationWarning: This process (pid=917) is multi-threaded, use of fork() may lead to deadlocks in the child.
  pid = os.fork()

[2025-03-01T09:58:16.037+0000] {standard_task_runner.py:72} INFO - Started process 920 to run task
[2025-03-01T09:58:16.037+0000] {standard_task_runner.py:104} INFO - Running: ['***', 'tasks', 'run', 'etl_scrapper_pipeline', 'create_table_task', 'manual__2025-03-01T09:51:58.576691+00:00', '--job-id', '226', '--raw', '--subdir', 'DAGS_FOLDER/etl_dags.py', '--cfg-path', '/tmp/tmp_s6o0il2']
[2025-03-01T09:58:16.038+0000] {standard_task_runner.py:105} INFO - Job 226: Subtask create_table_task
[2025-03-01T09:58:16.102+0000] {task_command.py:467} INFO - Running <TaskInstance: etl_scrapper_pipeline.create_table_task manual__2025-03-01T09:51:58.576691+00:00 [running]> on host 18f96a44278a
[2025-03-01T09:58:16.197+0000] {taskinstance.py:3134} INFO - Exporting env vars: AIRFLOW_CTX_DAG_OWNER='***' AIRFLOW_CTX_DAG_ID='etl_scrapper_pipeline' AIRFLOW_CTX_TASK_ID='create_table_task' AIRFLOW_CTX_EXECUTION_DATE='2025-03-01T09:51:58.576691+00:00' AIRFLOW_CTX_TRY_NUMBER='2' AIRFLOW_CTX_DAG_RUN_ID='manual__2025-03-01T09:51:58.576691+00:00'
[2025-03-01T09:58:16.199+0000] {logging_mixin.py:190} INFO - Task instance is in running state
[2025-03-01T09:58:16.199+0000] {logging_mixin.py:190} INFO -  Previous state of the Task instance: queued
[2025-03-01T09:58:16.200+0000] {logging_mixin.py:190} INFO - Current task name:create_table_task state:running start_date:2025-03-01 09:58:15.991519+00:00
[2025-03-01T09:58:16.201+0000] {logging_mixin.py:190} INFO - Dag name:etl_scrapper_pipeline and current dag run status:running
[2025-03-01T09:58:16.201+0000] {taskinstance.py:732} INFO - ::endgroup::
[2025-03-01T09:58:16.202+0000] {sql.py:295} INFO - Executing:  
    CREATE TABLE IF NOT EXISTS products (
        id SERIAL PRIMARY KEY,
        product_name TEXT NOT NULL,
        price INT NOT NULL,
        rating FLOAT NOT NULL,
        product_link TEXT NOT NULL,
        subcategory TEXT NOT NULL
    );
    
[2025-03-01T09:58:16.213+0000] {base.py:84} INFO - Retrieving connection 'amazon_products_connection'
[2025-03-01T09:58:16.225+0000] {base.py:84} INFO - Retrieving connection 'amazon_products_connection'
[2025-03-01T09:58:16.230+0000] {sql.py:511} INFO - Running statement:  
    CREATE TABLE IF NOT EXISTS products (
        id SERIAL PRIMARY KEY,
        product_name TEXT NOT NULL,
        price INT NOT NULL,
        rating FLOAT NOT NULL,
        product_link TEXT NOT NULL,
        subcategory TEXT NOT NULL
    );
    , parameters: None
[2025-03-01T09:58:16.242+0000] {warnings.py:112} WARNING - /home/***/.local/lib/python3.12/site-packages/***/providers/common/sql/hooks/sql.py:470: DeprecationWarning: Import of fetch_all_handler from the '***.providers.common.sql.hooks' module is deprecated and will
be removed in the future. Please import it from '***.providers.common.sql.hooks.handlers'.
  result = self._make_common_data_structure(handler(cur))

[2025-03-01T09:58:16.244+0000] {warnings.py:112} WARNING - /home/***/.local/lib/python3.12/site-packages/***/providers/common/sql/hooks/sql.py:471: DeprecationWarning: Import of return_single_query_results from the '***.providers.common.sql.hooks' module is deprecated and will
be removed in the future. Please import it from '***.providers.common.sql.hooks.handlers'.
  if return_single_query_results(sql, return_last, split_statements):

[2025-03-01T09:58:16.247+0000] {warnings.py:112} WARNING - /home/***/.local/lib/python3.12/site-packages/***/providers/common/sql/hooks/sql.py:486: DeprecationWarning: Import of return_single_query_results from the '***.providers.common.sql.hooks' module is deprecated and will
be removed in the future. Please import it from '***.providers.common.sql.hooks.handlers'.
  if return_single_query_results(sql, return_last, split_statements):

[2025-03-01T09:58:16.248+0000] {warnings.py:112} WARNING - /home/***/.local/lib/python3.12/site-packages/***/providers/common/sql/operators/sql.py:311: DeprecationWarning: Import of return_single_query_results from the '***.providers.common.sql.hooks' module is deprecated and will
be removed in the future. Please import it from '***.providers.common.sql.hooks.handlers'.
  if return_single_query_results(self.sql, self.return_last, self.split_statements):

[2025-03-01T09:58:16.259+0000] {taskinstance.py:341} INFO - ::group::Post task execution logs
[2025-03-01T09:58:16.260+0000] {taskinstance.py:353} INFO - Marking task as SUCCESS. dag_id=etl_scrapper_pipeline, task_id=create_table_task, run_id=manual__2025-03-01T09:51:58.576691+00:00, execution_date=20250301T095158, start_date=20250301T095815, end_date=20250301T095816
[2025-03-01T09:58:16.285+0000] {logging_mixin.py:190} INFO - Task instance in success state
[2025-03-01T09:58:16.285+0000] {logging_mixin.py:190} INFO -  Previous state of the Task instance: running
[2025-03-01T09:58:16.286+0000] {logging_mixin.py:190} INFO - Dag name:etl_scrapper_pipeline queued_at:2025-03-01 09:51:58.605749+00:00
[2025-03-01T09:58:16.286+0000] {logging_mixin.py:190} INFO - Task hostname:18f96a44278a operator:SQLExecuteQueryOperator
[2025-03-01T09:58:16.333+0000] {local_task_job_runner.py:266} INFO - Task exited with return code 0
[2025-03-01T09:58:16.361+0000] {taskinstance.py:3901} INFO - 1 downstream tasks scheduled from follow-on schedule check
[2025-03-01T09:58:16.363+0000] {local_task_job_runner.py:245} INFO - ::endgroup::
